0 verbose cli /usr/local/bin/node /usr/local/bin/npm
1 info using npm@10.9.2
2 info using node@v22.16.0
3 silly config load:file:/usr/local/lib/node_modules/npm/npmrc
4 silly config load:file:/Users/hatimbenzahra/Desktop/frontetback/backend/.npmrc
5 silly config load:file:/Users/hatimbenzahra/.npmrc
6 silly config load:file:/usr/local/etc/npmrc
7 verbose title npm i exceljs@^4.4.0
8 verbose argv "i" "exceljs@^4.4.0" "--save" "--cache" ".npm-cache"
9 verbose logfile logs-max:10 dir:/Users/hatimbenzahra/Desktop/frontetback/backend/.npm-cache/_logs/2025-08-13T12_26_36_392Z-
10 verbose logfile /Users/hatimbenzahra/Desktop/frontetback/backend/.npm-cache/_logs/2025-08-13T12_26_36_392Z-debug-0.log
11 silly logfile done cleaning log files
12 silly packumentCache heap:4345298944 maxSize:1086324736 maxEntrySize:543162368
13 silly idealTree buildDeps
14 silly fetch manifest exceljs@^4.4.0
15 silly packumentCache full:https://registry.npmjs.org/exceljs cache-miss
16 http fetch GET 200 https://registry.npmjs.org/npm 432ms
17 http fetch GET 200 https://registry.npmjs.org/exceljs 200ms (cache miss)
18 silly packumentCache full:https://registry.npmjs.org/exceljs set size:undefined disposed:false
19 silly placeDep ROOT exceljs@4.4.0 REPLACE for: backend@0.0.1 want: ^4.4.0
20 silly reify moves {}
21 silly audit bulk request {
21 silly audit   '@ampproject/remapping': [ '2.3.0' ],
21 silly audit   '@angular-devkit/core': [ '19.2.8', '19.2.6' ],
21 silly audit   ajv: [ '8.17.1', '6.12.6' ],
21 silly audit   'json-schema-traverse': [ '1.0.0', '0.4.1' ],
21 silly audit   rxjs: [ '7.8.1', '7.8.2' ],
21 silly audit   '@angular-devkit/schematics': [ '19.2.8', '19.2.6' ],
21 silly audit   '@angular-devkit/schematics-cli': [ '19.2.8' ],
21 silly audit   '@inquirer/prompts': [ '7.3.2', '7.4.1' ],
21 silly audit   '@babel/code-frame': [ '7.27.1' ],
21 silly audit   '@babel/compat-data': [ '7.28.0' ],
21 silly audit   '@babel/core': [ '7.28.0' ],
21 silly audit   semver: [ '6.3.1', '7.7.2' ],
21 silly audit   '@babel/generator': [ '7.28.0' ],
21 silly audit   '@babel/helper-compilation-targets': [ '7.27.2' ],
21 silly audit   '@babel/helper-globals': [ '7.28.0' ],
21 silly audit   '@babel/helper-module-imports': [ '7.27.1' ],
21 silly audit   '@babel/helper-module-transforms': [ '7.27.3' ],
21 silly audit   '@babel/helper-plugin-utils': [ '7.27.1' ],
21 silly audit   '@babel/helper-string-parser': [ '7.27.1' ],
21 silly audit   '@babel/helper-validator-identifier': [ '7.27.1' ],
21 silly audit   '@babel/helper-validator-option': [ '7.27.1' ],
21 silly audit   '@babel/helpers': [ '7.27.6' ],
21 silly audit   '@babel/parser': [ '7.28.0' ],
21 silly audit   '@babel/plugin-syntax-async-generators': [ '7.8.4' ],
21 silly audit   '@babel/plugin-syntax-bigint': [ '7.8.3' ],
21 silly audit   '@babel/plugin-syntax-class-properties': [ '7.12.13' ],
21 silly audit   '@babel/plugin-syntax-class-static-block': [ '7.14.5' ],
21 silly audit   '@babel/plugin-syntax-import-attributes': [ '7.27.1' ],
21 silly audit   '@babel/plugin-syntax-import-meta': [ '7.10.4' ],
21 silly audit   '@babel/plugin-syntax-json-strings': [ '7.8.3' ],
21 silly audit   '@babel/plugin-syntax-jsx': [ '7.27.1' ],
21 silly audit   '@babel/plugin-syntax-logical-assignment-operators': [ '7.10.4' ],
21 silly audit   '@babel/plugin-syntax-nullish-coalescing-operator': [ '7.8.3' ],
21 silly audit   '@babel/plugin-syntax-numeric-separator': [ '7.10.4' ],
21 silly audit   '@babel/plugin-syntax-object-rest-spread': [ '7.8.3' ],
21 silly audit   '@babel/plugin-syntax-optional-catch-binding': [ '7.8.3' ],
21 silly audit   '@babel/plugin-syntax-optional-chaining': [ '7.8.3' ],
21 silly audit   '@babel/plugin-syntax-private-property-in-object': [ '7.14.5' ],
21 silly audit   '@babel/plugin-syntax-top-level-await': [ '7.14.5' ],
21 silly audit   '@babel/plugin-syntax-typescript': [ '7.27.1' ],
21 silly audit   '@babel/template': [ '7.27.2' ],
21 silly audit   '@babel/traverse': [ '7.28.0' ],
21 silly audit   '@babel/types': [ '7.28.0' ],
21 silly audit   '@bcoe/v8-coverage': [ '0.2.3' ],
21 silly audit   '@colors/colors': [ '1.5.0' ],
21 silly audit   '@cspotcode/source-map-support': [ '0.8.1' ],
21 silly audit   '@jridgewell/trace-mapping': [ '0.3.9', '0.3.29' ],
21 silly audit   '@eslint-community/eslint-utils': [ '4.7.0' ],
21 silly audit   'eslint-visitor-keys': [ '3.4.3', '4.2.1' ],
21 silly audit   '@eslint-community/regexpp': [ '4.12.1' ],
21 silly audit   '@eslint/config-array': [ '0.21.0' ],
21 silly audit   '@eslint/config-helpers': [ '0.3.0' ],
21 silly audit   '@eslint/core': [ '0.14.0', '0.15.1' ],
21 silly audit   '@eslint/eslintrc': [ '3.3.1' ],
21 silly audit   globals: [ '14.0.0', '16.3.0' ],
21 silly audit   '@eslint/js': [ '9.30.1' ],
21 silly audit   '@eslint/object-schema': [ '2.1.6' ],
21 silly audit   '@eslint/plugin-kit': [ '0.3.3' ],
21 silly audit   '@fast-csv/format': [ '4.3.5' ],
21 silly audit   '@types/node': [ '14.18.63', '22.16.0' ],
21 silly audit   '@fast-csv/parse': [ '4.3.6' ],
21 silly audit   '@humanfs/core': [ '0.19.1' ],
21 silly audit   '@humanfs/node': [ '0.16.6' ],
21 silly audit   '@humanwhocodes/retry': [ '0.3.1', '0.4.3' ],
21 silly audit   '@humanwhocodes/module-importer': [ '1.0.1' ],
21 silly audit   '@inquirer/checkbox': [ '4.1.9' ],
21 silly audit   '@inquirer/confirm': [ '5.1.13' ],
21 silly audit   '@inquirer/core': [ '10.1.14' ],
21 silly audit   '@inquirer/editor': [ '4.2.14' ],
21 silly audit   '@inquirer/expand': [ '4.0.16' ],
21 silly audit   '@inquirer/figures': [ '1.0.12' ],
21 silly audit   '@inquirer/input': [ '4.2.0' ],
21 silly audit   '@inquirer/number': [ '3.0.16' ],
21 silly audit   '@inquirer/password': [ '4.0.16' ],
21 silly audit   '@inquirer/rawlist': [ '4.1.4' ],
21 silly audit   '@inquirer/search': [ '3.0.16' ],
21 silly audit   '@inquirer/select': [ '4.2.4' ],
21 silly audit   '@inquirer/type': [ '3.0.7' ],
21 silly audit   '@isaacs/balanced-match': [ '4.0.1' ],
21 silly audit   '@isaacs/brace-expansion': [ '5.0.0' ],
21 silly audit   '@isaacs/cliui': [ '8.0.2' ],
21 silly audit   'ansi-styles': [ '6.2.1', '4.3.0', '5.2.0' ],
21 silly audit   'emoji-regex': [ '9.2.2', '8.0.0' ],
21 silly audit   'string-width': [ '5.1.2', '4.2.3' ],
21 silly audit   'wrap-ansi': [ '8.1.0', '7.0.0', '6.2.0' ],
21 silly audit   '@istanbuljs/load-nyc-config': [ '1.1.0' ],
21 silly audit   argparse: [ '1.0.10', '2.0.1' ],
21 silly audit   'find-up': [ '4.1.0', '5.0.0' ],
21 silly audit   'js-yaml': [ '3.14.1', '4.1.0' ],
21 silly audit   'locate-path': [ '5.0.0', '6.0.0' ],
21 silly audit   'p-limit': [ '2.3.0', '3.1.0' ],
21 silly audit   'p-locate': [ '4.1.0', '5.0.0' ],
21 silly audit   'resolve-from': [ '5.0.0', '4.0.0' ],
21 silly audit   '@istanbuljs/schema': [ '0.1.3' ],
21 silly audit   '@jest/console': [ '29.7.0' ],
21 silly audit   '@jest/core': [ '29.7.0' ],
21 silly audit   'ansi-regex': [ '5.0.1', '6.1.0' ],
21 silly audit   'strip-ansi': [ '6.0.1', '7.1.0' ],
21 silly audit   '@jest/environment': [ '29.7.0' ],
21 silly audit   '@jest/expect': [ '29.7.0' ],
21 silly audit   '@jest/expect-utils': [ '29.7.0' ],
21 silly audit   '@jest/fake-timers': [ '29.7.0' ],
21 silly audit   '@jest/globals': [ '29.7.0' ],
21 silly audit   '@jest/reporters': [ '29.7.0' ],
21 silly audit   glob: [ '7.2.3', '11.0.1' ],
21 silly audit   '@jest/schemas': [ '29.6.3' ],
21 silly audit   '@jest/source-map': [ '29.6.3' ],
21 silly audit   '@jest/test-result': [ '29.7.0' ],
21 silly audit   '@jest/test-sequencer': [ '29.7.0' ],
21 silly audit   '@jest/transform': [ '29.7.0' ],
21 silly audit   '@jest/types': [ '29.6.3' ],
21 silly audit   '@jridgewell/gen-mapping': [ '0.3.12' ],
21 silly audit   '@jridgewell/resolve-uri': [ '3.1.2' ],
21 silly audit   '@jridgewell/source-map': [ '0.3.10' ],
21 silly audit   '@jridgewell/sourcemap-codec': [ '1.5.4' ],
21 silly audit   '@lukeed/csprng': [ '1.1.0' ],
21 silly audit   '@napi-rs/nice': [ '1.0.4' ],
21 silly audit   '@napi-rs/nice-android-arm-eabi': [ '1.0.4' ],
21 silly audit   '@napi-rs/nice-android-arm64': [ '1.0.4' ],
21 silly audit   '@napi-rs/nice-darwin-arm64': [ '1.0.4' ],
21 silly audit   '@napi-rs/nice-darwin-x64': [ '1.0.4' ],
21 silly audit   '@napi-rs/nice-freebsd-x64': [ '1.0.4' ],
21 silly audit   '@napi-rs/nice-linux-arm-gnueabihf': [ '1.0.4' ],
21 silly audit   '@napi-rs/nice-linux-arm64-gnu': [ '1.0.4' ],
21 silly audit   '@napi-rs/nice-linux-arm64-musl': [ '1.0.4' ],
21 silly audit   '@napi-rs/nice-linux-ppc64-gnu': [ '1.0.4' ],
21 silly audit   '@napi-rs/nice-linux-riscv64-gnu': [ '1.0.4' ],
21 silly audit   '@napi-rs/nice-linux-s390x-gnu': [ '1.0.4' ],
21 silly audit   '@napi-rs/nice-linux-x64-gnu': [ '1.0.4' ],
21 silly audit   '@napi-rs/nice-linux-x64-musl': [ '1.0.4' ],
21 silly audit   '@napi-rs/nice-win32-arm64-msvc': [ '1.0.4' ],
21 silly audit   '@napi-rs/nice-win32-ia32-msvc': [ '1.0.4' ],
21 silly audit   '@napi-rs/nice-win32-x64-msvc': [ '1.0.4' ],
21 silly audit   '@nestjs/cli': [ '11.0.7' ],
21 silly audit   'ajv-formats': [ '2.1.1', '3.0.1' ],
21 silly audit   'ajv-keywords': [ '5.1.0', '3.5.2' ],
21 silly audit   'eslint-scope': [ '5.1.1', '8.4.0' ],
21 silly audit   estraverse: [ '4.3.0', '5.3.0' ],
21 silly audit   'mime-db': [ '1.52.0', '1.54.0' ],
21 silly audit   'mime-types': [ '2.1.35', '3.0.1' ],
21 silly audit   'schema-utils': [ '4.3.2', '3.3.0' ],
21 silly audit   webpack: [ '5.99.6', '5.99.9' ],
21 silly audit   '@nestjs/common': [ '11.1.3' ],
21 silly audit   '@nestjs/core': [ '11.1.3' ],
21 silly audit   '@nestjs/mapped-types': [ '2.1.0' ],
21 silly audit   '@nestjs/platform-express': [ '11.1.3' ],
21 silly audit   '@nestjs/platform-socket.io': [ '11.1.5' ],
21 silly audit   '@nestjs/schematics': [ '11.0.5' ],
21 silly audit   '@nestjs/testing': [ '11.1.3' ],
21 silly audit   '@nestjs/websockets': [ '11.1.5' ],
21 silly audit   '@noble/hashes': [ '1.8.0' ],
21 silly audit   '@nodelib/fs.scandir': [ '2.1.5' ],
21 silly audit   '@nodelib/fs.stat': [ '2.0.5' ],
21 silly audit   '@nodelib/fs.walk': [ '1.2.8' ],
21 silly audit   '@nuxt/opencollective': [ '0.4.1' ],
21 silly audit   '@paralleldrive/cuid2': [ '2.2.2' ],
21 silly audit   '@pkgr/core': [ '0.2.7' ],
21 silly audit   '@prisma/client': [ '6.11.1' ],
21 silly audit   '@prisma/config': [ '6.11.1' ],
21 silly audit   '@prisma/debug': [ '6.11.1' ],
21 silly audit   '@prisma/engines': [ '6.11.1' ],
21 silly audit   '@prisma/engines-version': [ '6.11.1-1.f40f79ec31188888a2e33acda0ecc8fd10a853a9' ],
21 silly audit   '@prisma/fetch-engine': [ '6.11.1' ],
21 silly audit   '@prisma/get-platform': [ '6.11.1' ],
21 silly audit   '@sec-ant/readable-stream': [ '0.4.1' ],
21 silly audit   '@sinclair/typebox': [ '0.27.8' ],
21 silly audit   '@sindresorhus/is': [ '5.6.0' ],
21 silly audit   '@sinonjs/commons': [ '3.0.1' ],
21 silly audit   '@sinonjs/fake-timers': [ '10.3.0' ],
21 silly audit   '@socket.io/component-emitter': [ '3.1.2' ],
21 silly audit   '@swc/cli': [ '0.6.0' ],
21 silly audit   'brace-expansion': [ '2.0.2', '1.1.12' ],
21 silly audit   commander: [ '8.3.0', '4.1.1', '6.2.1', '2.20.3' ],
21 silly audit   minimatch: [ '9.0.5', '5.1.6', '10.0.3', '3.1.2' ],
21 silly audit   '@swc/core': [ '1.12.9' ],
21 silly audit   '@swc/core-darwin-arm64': [ '1.12.9' ],
21 silly audit   '@swc/core-darwin-x64': [ '1.12.9' ],
21 silly audit   '@swc/core-linux-arm-gnueabihf': [ '1.12.9' ],
21 silly audit   '@swc/core-linux-arm64-gnu': [ '1.12.9' ],
21 silly audit   '@swc/core-linux-arm64-musl': [ '1.12.9' ],
21 silly audit   '@swc/core-linux-x64-gnu': [ '1.12.9' ],
21 silly audit   '@swc/core-linux-x64-musl': [ '1.12.9' ],
21 silly audit   '@swc/core-win32-arm64-msvc': [ '1.12.9' ],
21 silly audit   '@swc/core-win32-ia32-msvc': [ '1.12.9' ],
21 silly audit   '@swc/core-win32-x64-msvc': [ '1.12.9' ],
21 silly audit   '@swc/counter': [ '0.1.3' ],
21 silly audit   '@swc/helpers': [ '0.5.17' ],
21 silly audit   '@swc/types': [ '0.1.23' ],
21 silly audit   '@szmarczak/http-timer': [ '5.0.1' ],
21 silly audit   '@tokenizer/inflate': [ '0.2.7' ],
21 silly audit   '@tokenizer/token': [ '0.3.0' ],
21 silly audit   '@tsconfig/node10': [ '1.0.11' ],
21 silly audit   '@tsconfig/node12': [ '1.0.11' ],
21 silly audit   '@tsconfig/node14': [ '1.0.3' ],
21 silly audit   '@tsconfig/node16': [ '1.0.4' ],
21 silly audit   '@types/babel__core': [ '7.20.5' ],
21 silly audit   '@types/babel__generator': [ '7.27.0' ],
21 silly audit   '@types/babel__template': [ '7.4.4' ],
21 silly audit   '@types/babel__traverse': [ '7.20.7' ],
21 silly audit   '@types/body-parser': [ '1.19.6' ],
21 silly audit   '@types/connect': [ '3.4.38' ],
21 silly audit   '@types/cookiejar': [ '2.1.5' ],
21 silly audit   '@types/cors': [ '2.8.19' ],
21 silly audit   '@types/eslint': [ '9.6.1' ],
21 silly audit   '@types/eslint-scope': [ '3.7.7' ],
21 silly audit   '@types/estree': [ '1.0.8' ],
21 silly audit   '@types/express': [ '5.0.3' ],
21 silly audit   '@types/express-serve-static-core': [ '5.0.6' ],
21 silly audit   '@types/graceful-fs': [ '4.1.9' ],
21 silly audit   '@types/http-cache-semantics': [ '4.0.4' ],
21 silly audit   '@types/http-errors': [ '2.0.5' ],
21 silly audit   '@types/istanbul-lib-coverage': [ '2.0.6' ],
21 silly audit   '@types/istanbul-lib-report': [ '3.0.3' ],
21 silly audit   '@types/istanbul-reports': [ '3.0.4' ],
21 silly audit   '@types/jest': [ '29.5.14' ],
21 silly audit   '@types/json-schema': [ '7.0.15' ],
21 silly audit   '@types/methods': [ '1.1.4' ],
21 silly audit   '@types/mime': [ '1.3.5' ],
21 silly audit   '@types/qs': [ '6.14.0' ],
21 silly audit   '@types/range-parser': [ '1.2.7' ],
21 silly audit   '@types/send': [ '0.17.5' ],
21 silly audit   '@types/serve-static': [ '1.15.8' ],
21 silly audit   '@types/stack-utils': [ '2.0.3' ],
21 silly audit   '@types/superagent': [ '8.1.9' ],
21 silly audit   '@types/supertest': [ '6.0.3' ],
21 silly audit   '@types/validator': [ '13.15.2' ],
21 silly audit   '@types/yargs': [ '17.0.33' ],
21 silly audit   '@types/yargs-parser': [ '21.0.3' ],
21 silly audit   '@typescript-eslint/eslint-plugin': [ '8.36.0' ],
21 silly audit   ignore: [ '7.0.5', '5.3.2' ],
21 silly audit   '@typescript-eslint/parser': [ '8.36.0' ],
21 silly audit   '@typescript-eslint/project-service': [ '8.36.0' ],
21 silly audit   '@typescript-eslint/scope-manager': [ '8.36.0' ],
21 silly audit   '@typescript-eslint/tsconfig-utils': [ '8.36.0' ],
21 silly audit   '@typescript-eslint/type-utils': [ '8.36.0' ],
21 silly audit   '@typescript-eslint/types': [ '8.36.0' ],
21 silly audit   '@typescript-eslint/typescript-estree': [ '8.36.0' ],
21 silly audit   '@typescript-eslint/utils': [ '8.36.0' ],
21 silly audit   '@typescript-eslint/visitor-keys': [ '8.36.0' ],
21 silly audit   '@webassemblyjs/ast': [ '1.14.1' ],
21 silly audit   '@webassemblyjs/floating-point-hex-parser': [ '1.13.2' ],
21 silly audit   '@webassemblyjs/helper-api-error': [ '1.13.2' ],
21 silly audit   '@webassemblyjs/helper-buffer': [ '1.14.1' ],
21 silly audit   '@webassemblyjs/helper-numbers': [ '1.13.2' ],
21 silly audit   '@webassemblyjs/helper-wasm-bytecode': [ '1.13.2' ],
21 silly audit   '@webassemblyjs/helper-wasm-section': [ '1.14.1' ],
21 silly audit   '@webassemblyjs/ieee754': [ '1.13.2' ],
21 silly audit   '@webassemblyjs/leb128': [ '1.13.2' ],
21 silly audit   '@webassemblyjs/utf8': [ '1.13.2' ],
21 silly audit   '@webassemblyjs/wasm-edit': [ '1.14.1' ],
21 silly audit   '@webassemblyjs/wasm-gen': [ '1.14.1' ],
21 silly audit   '@webassemblyjs/wasm-opt': [ '1.14.1' ],
21 silly audit   '@webassemblyjs/wasm-parser': [ '1.14.1' ],
21 silly audit   '@webassemblyjs/wast-printer': [ '1.14.1' ],
21 silly audit   '@xhmikosr/archive-type': [ '7.0.0' ],
21 silly audit   'file-type': [ '19.6.0', '21.0.0' ],
21 silly audit   'get-stream': [ '9.0.1', '6.0.1' ],
21 silly audit   'is-stream': [ '4.0.1', '2.0.1' ],
21 silly audit   strtok3: [ '9.1.1', '10.3.1' ],
21 silly audit   '@xhmikosr/bin-check': [ '7.0.3' ],
21 silly audit   '@xhmikosr/bin-wrapper': [ '13.0.5' ],
21 silly audit   '@xhmikosr/decompress': [ '10.0.1' ],
21 silly audit   '@xhmikosr/decompress-tar': [ '8.0.1' ],
21 silly audit   '@xhmikosr/decompress-tarbz2': [ '8.0.2' ],
21 silly audit   '@xhmikosr/decompress-targz': [ '8.0.1' ],
21 silly audit   '@xhmikosr/decompress-unzip': [ '7.0.0' ],
21 silly audit   '@xhmikosr/downloader': [ '15.0.1' ],
21 silly audit   '@xhmikosr/os-filter-obj': [ '3.0.0' ],
21 silly audit   '@xtuc/ieee754': [ '1.2.0' ],
21 silly audit   '@xtuc/long': [ '4.2.2' ],
21 silly audit   accepts: [ '2.0.0', '1.3.8' ],
21 silly audit   acorn: [ '8.15.0' ],
21 silly audit   'acorn-jsx': [ '5.3.2' ],
21 silly audit   'acorn-walk': [ '8.3.4' ],
21 silly audit   'ansi-colors': [ '4.1.3' ],
21 silly audit   'ansi-escapes': [ '4.3.2' ],
21 silly audit   ansis: [ '3.17.0' ],
21 silly audit   anymatch: [ '3.1.3' ],
21 silly audit   picomatch: [ '2.3.1', '4.0.2' ],
21 silly audit   'append-field': [ '1.0.0' ],
21 silly audit   arch: [ '3.0.0' ],
21 silly audit   archiver: [ '5.3.2' ],
21 silly audit   'archiver-utils': [ '2.1.0', '3.0.4' ],
21 silly audit   'readable-stream': [ '2.3.8', '3.6.2' ],
21 silly audit   'safe-buffer': [ '5.1.2', '5.2.1' ],
21 silly audit   string_decoder: [ '1.1.1', '1.3.0' ],
21 silly audit   'tar-stream': [ '2.2.0', '3.1.7' ],
21 silly audit   arg: [ '4.1.3' ],
21 silly audit   'array-timsort': [ '1.0.3' ],
21 silly audit   asap: [ '2.0.6' ],
21 silly audit   async: [ '3.2.6' ],
21 silly audit   asynckit: [ '0.4.0' ],
21 silly audit   b4a: [ '1.6.7' ],
21 silly audit   'babel-jest': [ '29.7.0' ],
21 silly audit   'babel-plugin-istanbul': [ '6.1.1' ],
21 silly audit   'istanbul-lib-instrument': [ '5.2.1', '6.0.3' ],
21 silly audit   'babel-plugin-jest-hoist': [ '29.6.3' ],
21 silly audit   'babel-preset-current-node-syntax': [ '1.1.0' ],
21 silly audit   'babel-preset-jest': [ '29.6.3' ],
21 silly audit   'balanced-match': [ '1.0.2' ],
21 silly audit   'bare-events': [ '2.5.4' ],
21 silly audit   'base64-js': [ '1.5.1', '0.0.8' ],
21 silly audit   base64id: [ '2.0.0' ],
21 silly audit   'big-integer': [ '1.6.52' ],
21 silly audit   'bin-version': [ '6.0.0' ],
21 silly audit   'bin-version-check': [ '5.1.0' ],
21 silly audit   binary: [ '0.3.0' ],
21 silly audit   bl: [ '4.1.0' ],
21 silly audit   bluebird: [ '3.4.7' ],
21 silly audit   'body-parser': [ '2.2.0' ],
21 silly audit   braces: [ '3.0.3' ],
21 silly audit   brotli: [ '1.3.3' ],
21 silly audit   browserslist: [ '4.25.1' ],
21 silly audit   'bs-logger': [ '0.2.6' ],
21 silly audit   bser: [ '2.1.1' ],
21 silly audit   buffer: [ '5.7.1' ],
21 silly audit   'buffer-crc32': [ '0.2.13' ],
21 silly audit   'buffer-from': [ '1.1.2' ],
21 silly audit   'buffer-indexof-polyfill': [ '1.0.2' ],
21 silly audit   buffers: [ '0.1.1' ],
21 silly audit   busboy: [ '1.6.0' ],
21 silly audit   bytes: [ '3.1.2' ],
21 silly audit   'cacheable-lookup': [ '7.0.0' ],
21 silly audit   'cacheable-request': [ '10.2.14' ],
21 silly audit   'call-bind-apply-helpers': [ '1.0.2' ],
21 silly audit   'call-bound': [ '1.0.4' ],
21 silly audit   callsites: [ '3.1.0' ],
21 silly audit   camelcase: [ '5.3.1', '6.3.0' ],
21 silly audit   'caniuse-lite': [ '1.0.30001727' ],
21 silly audit   chainsaw: [ '0.1.0' ],
21 silly audit   chalk: [ '4.1.2' ],
21 silly audit   'char-regex': [ '1.0.2' ],
21 silly audit   chardet: [ '0.7.0' ],
21 silly audit   chokidar: [ '4.0.3' ],
21 silly audit   'chrome-trace-event': [ '1.0.4' ],
21 silly audit   'ci-info': [ '3.9.0' ],
21 silly audit   'cjs-module-lexer': [ '1.4.3' ],
21 silly audit   'class-transformer': [ '0.5.1' ],
21 silly audit   'class-validator': [ '0.14.2' ],
21 silly audit   'cli-cursor': [ '3.1.0' ],
21 silly audit   'cli-spinners': [ '2.9.2' ],
21 silly audit   'cli-table3': [ '0.6.5' ],
21 silly audit   'cli-width': [ '4.1.0' ],
21 silly audit   cliui: [ '8.0.1' ],
21 silly audit   clone: [ '1.0.4', '2.1.2' ],
21 silly audit   co: [ '4.6.0' ],
21 silly audit   'collect-v8-coverage': [ '1.0.2' ],
21 silly audit   'color-convert': [ '2.0.1' ],
21 silly audit   'color-name': [ '1.1.4' ],
21 silly audit   'combined-stream': [ '1.0.8' ],
21 silly audit   'comment-json': [ '4.2.5' ],
21 silly audit   'component-emitter': [ '1.3.1' ],
21 silly audit   'compress-commons': [ '4.1.2' ],
21 silly audit   'concat-map': [ '0.0.1' ],
21 silly audit   'concat-stream': [ '2.0.0' ],
21 silly audit   consola: [ '3.4.2' ],
21 silly audit   'content-disposition': [ '0.5.4', '1.0.0' ],
21 silly audit   'content-type': [ '1.0.5' ],
21 silly audit   'convert-source-map': [ '2.0.0' ],
21 silly audit   cookie: [ '0.7.2' ],
21 silly audit   'cookie-signature': [ '1.2.2' ],
21 silly audit   cookiejar: [ '2.1.4' ],
21 silly audit   'core-util-is': [ '1.0.3' ],
21 silly audit   cors: [ '2.8.5' ],
21 silly audit   cosmiconfig: [ '8.3.6' ],
21 silly audit   'crc-32': [ '1.2.2' ],
21 silly audit   'crc32-stream': [ '4.0.3' ],
21 silly audit   'create-jest': [ '29.7.0' ],
21 silly audit   'create-require': [ '1.1.1' ],
21 silly audit   'cross-spawn': [ '7.0.6' ],
21 silly audit   'crypto-js': [ '4.2.0' ],
21 silly audit   dayjs: [ '1.11.13' ],
21 silly audit   debug: [ '4.4.1', '4.3.7' ],
21 silly audit   'decompress-response': [ '6.0.0' ],
21 silly audit   'mimic-response': [ '3.1.0', '4.0.0' ],
21 silly audit   dedent: [ '1.6.0' ],
21 silly audit   'deep-is': [ '0.1.4' ],
21 silly audit   deepmerge: [ '4.3.1' ],
21 silly audit   defaults: [ '3.0.0', '1.0.4' ],
21 silly audit   'defer-to-connect': [ '2.0.1' ],
21 silly audit   'delayed-stream': [ '1.0.0' ],
21 silly audit   depd: [ '2.0.0' ],
21 silly audit   'detect-newline': [ '3.1.0' ],
21 silly audit   dezalgo: [ '1.0.4' ],
21 silly audit   dfa: [ '1.2.0' ],
21 silly audit   diff: [ '4.0.2' ],
21 silly audit   'diff-sequences': [ '29.6.3' ],
21 silly audit   dotenv: [ '17.0.1' ],
21 silly audit   'dunder-proto': [ '1.0.1' ],
21 silly audit   duplexer2: [ '0.1.4' ],
21 silly audit   eastasianwidth: [ '0.2.0' ],
21 silly audit   'ee-first': [ '1.1.1' ],
21 silly audit   ejs: [ '3.1.10' ],
21 silly audit   'electron-to-chromium': [ '1.5.180' ],
21 silly audit   emittery: [ '0.13.1' ],
21 silly audit   encodeurl: [ '2.0.0' ],
21 silly audit   'end-of-stream': [ '1.4.5' ],
21 silly audit   'engine.io': [ '6.6.4' ],
21 silly audit   'engine.io-parser': [ '5.2.3' ],
21 silly audit   negotiator: [ '0.6.3', '1.0.0' ],
21 silly audit   'enhanced-resolve': [ '5.18.2' ],
21 silly audit   'error-ex': [ '1.3.2' ],
21 silly audit   'es-define-property': [ '1.0.1' ],
21 silly audit   'es-errors': [ '1.3.0' ],
21 silly audit   'es-module-lexer': [ '1.7.0' ],
21 silly audit   'es-object-atoms': [ '1.1.1' ],
21 silly audit   'es-set-tostringtag': [ '2.1.0' ],
21 silly audit   escalade: [ '3.2.0' ],
21 silly audit   'escape-html': [ '1.0.3' ],
21 silly audit   'escape-string-regexp': [ '4.0.0', '2.0.0' ],
21 silly audit   eslint: [ '9.30.1' ],
21 silly audit   'eslint-config-prettier': [ '10.1.5' ],
21 silly audit   'eslint-plugin-prettier': [ '5.5.1' ],
21 silly audit   espree: [ '10.4.0' ],
21 silly audit   esprima: [ '4.0.1' ],
21 silly audit   esquery: [ '1.6.0' ],
21 silly audit   esrecurse: [ '4.3.0' ],
21 silly audit   esutils: [ '2.0.3' ],
21 silly audit   etag: [ '1.8.1' ],
21 silly audit   events: [ '3.3.0' ],
21 silly audit   tmp: [ '0.0.33', '0.2.5' ],
21 silly audit   execa: [ '5.1.1' ],
21 silly audit   'signal-exit': [ '3.0.7', '4.1.0' ],
21 silly audit   exit: [ '0.1.2' ],
21 silly audit   expect: [ '29.7.0' ],
21 silly audit   express: [ '5.1.0' ],
21 silly audit   'ext-list': [ '2.2.2' ],
21 silly audit   'ext-name': [ '5.0.0' ],
21 silly audit   'external-editor': [ '3.1.0' ],
21 silly audit   'iconv-lite': [ '0.4.24', '0.6.3' ],
21 silly audit   'fast-csv': [ '4.3.6' ],
21 silly audit   'fast-deep-equal': [ '3.1.3' ],
21 silly audit   'fast-diff': [ '1.3.0' ],
21 silly audit   'fast-fifo': [ '1.3.2' ],
21 silly audit   'fast-glob': [ '3.3.3' ],
21 silly audit   'glob-parent': [ '5.1.2', '6.0.2' ],
21 silly audit   'fast-json-stable-stringify': [ '2.1.0' ],
21 silly audit   'fast-levenshtein': [ '2.0.6' ],
21 silly audit   'fast-safe-stringify': [ '2.1.1' ],
21 silly audit   'fast-uri': [ '3.0.6' ],
21 silly audit   fastq: [ '1.19.1' ],
21 silly audit   'fb-watchman': [ '2.0.2' ],
21 silly audit   fflate: [ '0.8.2' ],
21 silly audit   'file-entry-cache': [ '8.0.0' ],
21 silly audit   filelist: [ '1.0.4' ],
21 silly audit   'filename-reserved-regex': [ '3.0.0' ],
21 silly audit   filenamify: [ '6.0.0' ],
21 silly audit   'fill-range': [ '7.1.1' ],
21 silly audit   finalhandler: [ '2.1.0' ],
21 silly audit   'find-versions': [ '5.1.0' ],
21 silly audit   'flat-cache': [ '4.0.1' ],
21 silly audit   flatted: [ '3.3.3' ],
21 silly audit   fontkit: [ '2.0.4' ],
21 silly audit   'foreground-child': [ '3.3.1' ],
21 silly audit   'fork-ts-checker-webpack-plugin': [ '9.1.0' ],
21 silly audit   'form-data': [ '4.0.3' ],
21 silly audit   'form-data-encoder': [ '2.1.4' ],
21 silly audit   formidable: [ '3.5.4' ],
21 silly audit   forwarded: [ '0.2.0' ],
21 silly audit   fresh: [ '2.0.0' ],
21 silly audit   'fs-constants': [ '1.0.0' ],
21 silly audit   'fs-extra': [ '10.1.0' ],
21 silly audit   'fs-monkey': [ '1.0.6' ],
21 silly audit   'fs.realpath': [ '1.0.0' ],
21 silly audit   fsevents: [ '2.3.3' ],
21 silly audit   fstream: [ '1.0.12' ],
21 silly audit   'function-bind': [ '1.1.2' ],
21 silly audit   gensync: [ '1.0.0-beta.2' ],
21 silly audit   'get-caller-file': [ '2.0.5' ],
21 silly audit   'get-intrinsic': [ '1.3.0' ],
21 silly audit   'get-package-type': [ '0.1.0' ],
21 silly audit   'get-proto': [ '1.0.1' ],
21 silly audit   'glob-to-regexp': [ '0.4.1' ],
21 silly audit   gopd: [ '1.2.0' ],
21 silly audit   got: [ '13.0.0' ],
21 silly audit   'graceful-fs': [ '4.2.11' ],
21 silly audit   graphemer: [ '1.4.0' ],
21 silly audit   'has-flag': [ '4.0.0' ],
21 silly audit   'has-own-prop': [ '2.0.0' ],
21 silly audit   'has-symbols': [ '1.1.0' ],
21 silly audit   'has-tostringtag': [ '1.0.2' ],
21 silly audit   hasown: [ '2.0.2' ],
21 silly audit   'html-escaper': [ '2.0.2' ],
21 silly audit   'http-cache-semantics': [ '4.2.0' ],
21 silly audit   'http-errors': [ '2.0.0' ],
21 silly audit   statuses: [ '2.0.1', '2.0.2' ],
21 silly audit   'http2-wrapper': [ '2.2.1' ],
21 silly audit   'human-signals': [ '2.1.0' ],
21 silly audit   ieee754: [ '1.2.1' ],
21 silly audit   immediate: [ '3.0.6' ],
21 silly audit   'import-fresh': [ '3.3.1' ],
21 silly audit   'import-local': [ '3.2.0' ],
21 silly audit   imurmurhash: [ '0.1.4' ],
21 silly audit   inflight: [ '1.0.6' ],
21 silly audit   inherits: [ '2.0.4' ],
21 silly audit   'inspect-with-kind': [ '1.0.5' ],
21 silly audit   'ipaddr.js': [ '1.9.1' ],
21 silly audit   'is-arrayish': [ '0.2.1' ],
21 silly audit   'is-core-module': [ '2.16.1' ],
21 silly audit   'is-extglob': [ '2.1.1' ],
21 silly audit   'is-fullwidth-code-point': [ '3.0.0' ],
21 silly audit   'is-generator-fn': [ '2.1.0' ],
21 silly audit   'is-glob': [ '4.0.3' ],
21 silly audit   'is-interactive': [ '1.0.0' ],
21 silly audit   'is-number': [ '7.0.0' ],
21 silly audit   'is-plain-obj': [ '1.1.0' ],
21 silly audit   'is-promise': [ '4.0.0' ],
21 silly audit   'is-unicode-supported': [ '0.1.0' ],
21 silly audit   isarray: [ '1.0.0' ],
21 silly audit   isexe: [ '2.0.0' ],
21 silly audit   'istanbul-lib-coverage': [ '3.2.2' ],
21 silly audit   'istanbul-lib-report': [ '3.0.1' ],
21 silly audit   'istanbul-lib-source-maps': [ '4.0.1' ],
21 silly audit   'source-map': [ '0.6.1', '0.7.4' ],
21 silly audit   'istanbul-reports': [ '3.1.7' ],
21 silly audit   iterare: [ '1.2.1' ],
21 silly audit   jackspeak: [ '4.1.1' ],
21 silly audit   jake: [ '10.9.2' ],
21 silly audit   jest: [ '29.7.0' ],
21 silly audit   'jest-changed-files': [ '29.7.0' ],
21 silly audit   'jest-circus': [ '29.7.0' ],
21 silly audit   'jest-cli': [ '29.7.0' ],
21 silly audit   'jest-config': [ '29.7.0' ],
21 silly audit   'jest-diff': [ '29.7.0' ],
21 silly audit   'jest-docblock': [ '29.7.0' ],
21 silly audit   'jest-each': [ '29.7.0' ],
21 silly audit   'jest-environment-node': [ '29.7.0' ],
21 silly audit   'jest-get-type': [ '29.6.3' ],
21 silly audit   'jest-haste-map': [ '29.7.0' ],
21 silly audit   'jest-leak-detector': [ '29.7.0' ],
21 silly audit   'jest-matcher-utils': [ '29.7.0' ],
21 silly audit   'jest-message-util': [ '29.7.0' ],
21 silly audit   'jest-mock': [ '29.7.0' ],
21 silly audit   'jest-pnp-resolver': [ '1.2.3' ],
21 silly audit   'jest-regex-util': [ '29.6.3' ],
21 silly audit   'jest-resolve': [ '29.7.0' ],
21 silly audit   'jest-resolve-dependencies': [ '29.7.0' ],
21 silly audit   'jest-runner': [ '29.7.0' ],
21 silly audit   'source-map-support': [ '0.5.13', '0.5.21' ],
21 silly audit   'jest-runtime': [ '29.7.0' ],
21 silly audit   'jest-snapshot': [ '29.7.0' ],
21 silly audit   'jest-util': [ '29.7.0' ],
21 silly audit   'jest-validate': [ '29.7.0' ],
21 silly audit   'jest-watcher': [ '29.7.0' ],
21 silly audit   'jest-worker': [ '29.7.0', '27.5.1' ],
21 silly audit   'supports-color': [ '8.1.1', '7.2.0' ],
21 silly audit   jiti: [ '2.4.2' ],
21 silly audit   'jpeg-exif': [ '1.1.4' ],
21 silly audit   'js-tokens': [ '4.0.0' ],
21 silly audit   jsesc: [ '3.1.0' ],
21 silly audit   'json-buffer': [ '3.0.1' ],
21 silly audit   'json-parse-even-better-errors': [ '2.3.1' ],
21 silly audit   'json-stable-stringify-without-jsonify': [ '1.0.1' ],
21 silly audit   json5: [ '2.2.3' ],
21 silly audit   'jsonc-parser': [ '3.3.1' ],
21 silly audit   jsonfile: [ '6.1.0' ],
21 silly audit   jszip: [ '3.10.1' ],
21 silly audit   pako: [ '1.0.11', '0.2.9' ],
21 silly audit   keyv: [ '4.5.4' ],
21 silly audit   'kind-of': [ '6.0.3' ],
21 silly audit   kleur: [ '3.0.3' ],
21 silly audit   lazystream: [ '1.0.1' ],
21 silly audit   leven: [ '3.1.0' ],
21 silly audit   levn: [ '0.4.1' ],
21 silly audit   'libphonenumber-js': [ '1.12.9' ],
21 silly audit   lie: [ '3.3.0' ],
21 silly audit   linebreak: [ '1.1.0' ],
21 silly audit   'lines-and-columns': [ '1.2.4' ],
21 silly audit   listenercount: [ '1.0.1' ],
21 silly audit   'load-esm': [ '1.0.2' ],
21 silly audit   'loader-runner': [ '4.3.0' ],
21 silly audit   lodash: [ '4.17.21' ],
21 silly audit   'lodash.defaults': [ '4.2.0' ],
21 silly audit   'lodash.difference': [ '4.5.0' ],
21 silly audit   'lodash.escaperegexp': [ '4.1.2' ],
21 silly audit   'lodash.flatten': [ '4.4.0' ],
21 silly audit   'lodash.groupby': [ '4.6.0' ],
21 silly audit   'lodash.isboolean': [ '3.0.3' ],
21 silly audit   'lodash.isequal': [ '4.5.0' ],
21 silly audit   'lodash.isfunction': [ '3.0.9' ],
21 silly audit   'lodash.isnil': [ '4.0.0' ],
21 silly audit   'lodash.isplainobject': [ '4.0.6' ],
21 silly audit   'lodash.isundefined': [ '3.0.1' ],
21 silly audit   'lodash.memoize': [ '4.1.2' ],
21 silly audit   'lodash.merge': [ '4.6.2' ],
21 silly audit   'lodash.union': [ '4.6.0' ],
21 silly audit   'lodash.uniq': [ '4.5.0' ],
21 silly audit   'log-symbols': [ '4.1.0' ],
21 silly audit   'lowercase-keys': [ '3.0.0' ],
21 silly audit   'lru-cache': [ '5.1.1', '11.1.0' ],
21 silly audit   'magic-string': [ '0.30.17' ],
21 silly audit   'make-dir': [ '4.0.0' ],
21 silly audit   'make-error': [ '1.3.6' ],
21 silly audit   makeerror: [ '1.0.12' ],
21 silly audit   'math-intrinsics': [ '1.1.0' ],
21 silly audit   'media-typer': [ '1.1.0', '0.3.0' ],
21 silly audit   memfs: [ '3.5.3' ],
21 silly audit   'merge-descriptors': [ '2.0.0' ],
21 silly audit   'merge-stream': [ '2.0.0' ],
21 silly audit   merge2: [ '1.4.1' ],
21 silly audit   methods: [ '1.1.2' ],
21 silly audit   micromatch: [ '4.0.8' ],
21 silly audit   mime: [ '2.6.0' ],
21 silly audit   'mimic-fn': [ '2.1.0' ],
21 silly audit   minimist: [ '1.2.8' ],
21 silly audit   minipass: [ '7.1.2' ],
21 silly audit   mkdirp: [ '0.5.6' ],
21 silly audit   ms: [ '2.1.3' ],
21 silly audit   multer: [ '2.0.1' ],
21 silly audit   'type-is': [ '1.6.18', '2.0.1' ],
21 silly audit   'mute-stream': [ '2.0.0' ],
21 silly audit   'natural-compare': [ '1.4.0' ],
21 silly audit   'neo-async': [ '2.6.2' ],
21 silly audit   'node-abort-controller': [ '3.1.1' ],
21 silly audit   'node-emoji': [ '1.11.0' ],
21 silly audit   'node-int64': [ '0.4.0' ],
21 silly audit   'node-releases': [ '2.0.19' ],
21 silly audit   'normalize-path': [ '3.0.0' ],
21 silly audit   'normalize-url': [ '8.0.2' ],
21 silly audit   'npm-run-path': [ '4.0.1' ],
21 silly audit   'object-assign': [ '4.1.1' ],
21 silly audit   'object-hash': [ '3.0.0' ],
21 silly audit   'object-inspect': [ '1.13.4' ],
21 silly audit   'on-finished': [ '2.4.1' ],
21 silly audit   once: [ '1.4.0' ],
21 silly audit   onetime: [ '5.1.2' ],
21 silly audit   optionator: [ '0.9.4' ],
21 silly audit   ora: [ '5.4.1' ],
21 silly audit   'os-tmpdir': [ '1.0.2' ],
21 silly audit   'p-cancelable': [ '3.0.0' ],
21 silly audit   'p-try': [ '2.2.0' ],
21 silly audit   'package-json-from-dist': [ '1.0.1' ],
21 silly audit   'parent-module': [ '1.0.1' ],
21 silly audit   'parse-json': [ '5.2.0' ],
21 silly audit   parseurl: [ '1.3.3' ],
21 silly audit   'path-exists': [ '4.0.0' ],
21 silly audit   'path-is-absolute': [ '1.0.1' ],
21 silly audit   'path-key': [ '3.1.1' ],
21 silly audit   'path-parse': [ '1.0.7' ],
21 silly audit   'path-scurry': [ '2.0.0' ],
21 silly audit   'path-to-regexp': [ '8.2.0' ],
21 silly audit   'path-type': [ '4.0.0' ],
21 silly audit   pdfkit: [ '0.17.1' ],
21 silly audit   'peek-readable': [ '5.4.2' ],
21 silly audit   pend: [ '1.2.0' ],
21 silly audit   picocolors: [ '1.1.1' ],
21 silly audit   pirates: [ '4.0.7' ],
21 silly audit   piscina: [ '4.9.2' ],
21 silly audit   'pkg-dir': [ '4.2.0' ],
21 silly audit   pluralize: [ '8.0.0' ],
21 silly audit   'png-js': [ '1.0.0' ],
21 silly audit   'prelude-ls': [ '1.2.1' ],
21 silly audit   prettier: [ '3.6.2' ],
21 silly audit   'prettier-linter-helpers': [ '1.0.0' ],
21 silly audit   'pretty-format': [ '29.7.0' ],
21 silly audit   prisma: [ '6.11.1' ],
21 silly audit   'process-nextick-args': [ '2.0.1' ],
21 silly audit   prompts: [ '2.4.2' ],
21 silly audit   'proxy-addr': [ '2.0.7' ],
21 silly audit   punycode: [ '2.3.1' ],
21 silly audit   'pure-rand': [ '6.1.0' ],
21 silly audit   qs: [ '6.14.0' ],
21 silly audit   'queue-microtask': [ '1.2.3' ],
21 silly audit   'quick-lru': [ '5.1.1' ],
21 silly audit   randombytes: [ '2.1.0' ],
21 silly audit   'range-parser': [ '1.2.1' ],
21 silly audit   'raw-body': [ '3.0.0' ],
21 silly audit   'react-is': [ '18.3.1' ],
21 silly audit   'readdir-glob': [ '1.1.3' ],
21 silly audit   readdirp: [ '4.1.2' ],
21 silly audit   'reflect-metadata': [ '0.2.2' ],
21 silly audit   'repeat-string': [ '1.6.1' ],
21 silly audit   'require-directory': [ '2.1.1' ],
21 silly audit   'require-from-string': [ '2.0.2' ],
21 silly audit   resolve: [ '1.22.10' ],
21 silly audit   'resolve-alpn': [ '1.2.1' ],
21 silly audit   'resolve-cwd': [ '3.0.0' ],
21 silly audit   'resolve.exports': [ '2.0.3' ],
21 silly audit   responselike: [ '3.0.0' ],
21 silly audit   'restore-cursor': [ '3.1.0' ],
21 silly audit   restructure: [ '3.0.2' ],
21 silly audit   reusify: [ '1.1.0' ],
21 silly audit   rimraf: [ '2.7.1' ],
21 silly audit   router: [ '2.2.0' ],
21 silly audit   'run-parallel': [ '1.2.0' ],
21 silly audit   'safer-buffer': [ '2.1.2' ],
21 silly audit   saxes: [ '5.0.1' ],
21 silly audit   'seek-bzip': [ '2.0.0' ],
21 silly audit   'semver-regex': [ '4.0.5' ],
21 silly audit   'semver-truncate': [ '3.0.0' ],
21 silly audit   send: [ '1.2.0' ],
21 silly audit   'serialize-javascript': [ '6.0.2' ],
21 silly audit   'serve-static': [ '2.2.0' ],
21 silly audit   setimmediate: [ '1.0.5' ],
21 silly audit   setprototypeof: [ '1.2.0' ],
21 silly audit   'shebang-command': [ '2.0.0' ],
21 silly audit   'shebang-regex': [ '3.0.0' ],
21 silly audit   'side-channel': [ '1.1.0' ],
21 silly audit   'side-channel-list': [ '1.0.0' ],
21 silly audit   'side-channel-map': [ '1.0.1' ],
21 silly audit   'side-channel-weakmap': [ '1.0.2' ],
21 silly audit   sisteransi: [ '1.0.5' ],
21 silly audit   slash: [ '3.0.0' ],
21 silly audit   'socket.io': [ '4.8.1' ],
21 silly audit   'socket.io-adapter': [ '2.5.5' ],
21 silly audit   'socket.io-parser': [ '4.2.4' ],
21 silly audit   'sort-keys': [ '1.1.2' ],
21 silly audit   'sort-keys-length': [ '1.0.1' ],
21 silly audit   'sprintf-js': [ '1.0.3' ],
21 silly audit   'stack-utils': [ '2.0.6' ],
21 silly audit   streamsearch: [ '1.1.0' ],
21 silly audit   streamx: [ '2.22.1' ],
21 silly audit   'string-length': [ '4.0.2' ],
21 silly audit   'strip-bom': [ '4.0.0', '3.0.0' ],
21 silly audit   'strip-dirs': [ '3.0.0' ],
21 silly audit   'strip-final-newline': [ '2.0.0' ],
21 silly audit   'strip-json-comments': [ '3.1.1' ],
21 silly audit   superagent: [ '10.2.2' ],
21 silly audit   supertest: [ '7.1.2' ],
21 silly audit   'supports-preserve-symlinks-flag': [ '1.0.0' ],
21 silly audit   'symbol-observable': [ '4.0.0' ],
21 silly audit   synckit: [ '0.11.8' ],
21 silly audit   tapable: [ '2.2.2' ],
21 silly audit   terser: [ '5.43.1' ],
21 silly audit   'terser-webpack-plugin': [ '5.3.14' ],
21 silly audit   'test-exclude': [ '6.0.0' ],
21 silly audit   'text-decoder': [ '1.2.3' ],
21 silly audit   through: [ '2.3.8' ],
21 silly audit   'tiny-inflate': [ '1.0.3' ],
21 silly audit   tmpl: [ '1.0.5' ],
21 silly audit   'to-regex-range': [ '5.0.1' ],
21 silly audit   toidentifier: [ '1.0.1' ],
21 silly audit   'token-types': [ '6.0.3' ],
21 silly audit   traverse: [ '0.3.9' ],
21 silly audit   'tree-kill': [ '1.2.2' ],
21 silly audit   'ts-api-utils': [ '2.1.0' ],
21 silly audit   'ts-jest': [ '29.4.0' ],
21 silly audit   'type-fest': [ '4.41.0', '0.21.3' ],
21 silly audit   'ts-loader': [ '9.5.2' ],
21 silly audit   'ts-node': [ '10.9.2' ],
21 silly audit   'tsconfig-paths': [ '4.2.0' ],
21 silly audit   'tsconfig-paths-webpack-plugin': [ '4.2.0' ],
21 silly audit   tslib: [ '2.8.1' ],
21 silly audit   'type-check': [ '0.4.0' ],
21 silly audit   'type-detect': [ '4.0.8' ],
21 silly audit   typedarray: [ '0.0.6' ],
21 silly audit   typescript: [ '5.8.3' ],
21 silly audit   'typescript-eslint': [ '8.36.0' ],
21 silly audit   uid: [ '2.0.2' ],
21 silly audit   'uint8array-extras': [ '1.4.0' ],
21 silly audit   'unbzip2-stream': [ '1.4.3' ],
21 silly audit   'undici-types': [ '6.21.0' ],
21 silly audit   'unicode-properties': [ '1.4.1' ],
21 silly audit   'unicode-trie': [ '2.0.0' ],
21 silly audit   universalify: [ '2.0.1' ],
21 silly audit   unpipe: [ '1.0.0' ],
21 silly audit   unzipper: [ '0.10.14' ],
21 silly audit   'update-browserslist-db': [ '1.1.3' ],
21 silly audit   'uri-js': [ '4.4.1' ],
21 silly audit   'util-deprecate': [ '1.0.2' ],
21 silly audit   uuid: [ '8.3.2' ],
21 silly audit   'v8-compile-cache-lib': [ '3.0.1' ],
21 silly audit   'v8-to-istanbul': [ '9.3.0' ],
21 silly audit   validator: [ '13.15.15' ],
21 silly audit   vary: [ '1.1.2' ],
21 silly audit   walker: [ '1.0.8' ],
21 silly audit   watchpack: [ '2.4.4' ],
21 silly audit   wcwidth: [ '1.0.1' ],
21 silly audit   'webpack-node-externals': [ '3.0.0' ],
21 silly audit   'webpack-sources': [ '3.3.3' ],
21 silly audit   which: [ '2.0.2' ],
21 silly audit   'word-wrap': [ '1.2.5' ],
21 silly audit   wrappy: [ '1.0.2' ],
21 silly audit   'write-file-atomic': [ '4.0.2' ],
21 silly audit   ws: [ '8.17.1' ],
21 silly audit   xmlchars: [ '2.2.0' ],
21 silly audit   xtend: [ '4.0.2' ],
21 silly audit   y18n: [ '5.0.8' ],
21 silly audit   yallist: [ '3.1.1' ],
21 silly audit   yargs: [ '17.7.2' ],
21 silly audit   'yargs-parser': [ '21.1.1' ],
21 silly audit   yauzl: [ '3.2.0' ],
21 silly audit   yn: [ '3.1.1' ],
21 silly audit   'yocto-queue': [ '0.1.0' ],
21 silly audit   'yoctocolors-cjs': [ '2.1.2' ],
21 silly audit   'zip-stream': [ '4.1.1' ],
21 silly audit   exceljs: [ '4.4.0' ]
21 silly audit }
22 verbose reify failed optional dependency /Users/hatimbenzahra/Desktop/frontetback/backend/node_modules/@swc/core-win32-x64-msvc
23 silly reify mark deleted [
23 silly reify   '/Users/hatimbenzahra/Desktop/frontetback/backend/node_modules/@swc/core-win32-x64-msvc'
23 silly reify ]
24 verbose reify failed optional dependency /Users/hatimbenzahra/Desktop/frontetback/backend/node_modules/@swc/core-win32-ia32-msvc
25 silly reify mark deleted [
25 silly reify   '/Users/hatimbenzahra/Desktop/frontetback/backend/node_modules/@swc/core-win32-ia32-msvc'
25 silly reify ]
26 verbose reify failed optional dependency /Users/hatimbenzahra/Desktop/frontetback/backend/node_modules/@swc/core-win32-arm64-msvc
27 silly reify mark deleted [
27 silly reify   '/Users/hatimbenzahra/Desktop/frontetback/backend/node_modules/@swc/core-win32-arm64-msvc'
27 silly reify ]
28 verbose reify failed optional dependency /Users/hatimbenzahra/Desktop/frontetback/backend/node_modules/@swc/core-linux-x64-musl
29 silly reify mark deleted [
29 silly reify   '/Users/hatimbenzahra/Desktop/frontetback/backend/node_modules/@swc/core-linux-x64-musl'
29 silly reify ]
30 verbose reify failed optional dependency /Users/hatimbenzahra/Desktop/frontetback/backend/node_modules/@swc/core-linux-x64-gnu
31 silly reify mark deleted [
31 silly reify   '/Users/hatimbenzahra/Desktop/frontetback/backend/node_modules/@swc/core-linux-x64-gnu'
31 silly reify ]
32 verbose reify failed optional dependency /Users/hatimbenzahra/Desktop/frontetback/backend/node_modules/@swc/core-linux-arm64-musl
33 silly reify mark deleted [
33 silly reify   '/Users/hatimbenzahra/Desktop/frontetback/backend/node_modules/@swc/core-linux-arm64-musl'
33 silly reify ]
34 verbose reify failed optional dependency /Users/hatimbenzahra/Desktop/frontetback/backend/node_modules/@swc/core-linux-arm64-gnu
35 silly reify mark deleted [
35 silly reify   '/Users/hatimbenzahra/Desktop/frontetback/backend/node_modules/@swc/core-linux-arm64-gnu'
35 silly reify ]
36 verbose reify failed optional dependency /Users/hatimbenzahra/Desktop/frontetback/backend/node_modules/@swc/core-linux-arm-gnueabihf
37 silly reify mark deleted [
37 silly reify   '/Users/hatimbenzahra/Desktop/frontetback/backend/node_modules/@swc/core-linux-arm-gnueabihf'
37 silly reify ]
38 verbose reify failed optional dependency /Users/hatimbenzahra/Desktop/frontetback/backend/node_modules/@swc/core-darwin-x64
39 silly reify mark deleted [
39 silly reify   '/Users/hatimbenzahra/Desktop/frontetback/backend/node_modules/@swc/core-darwin-x64'
39 silly reify ]
40 verbose reify failed optional dependency /Users/hatimbenzahra/Desktop/frontetback/backend/node_modules/@napi-rs/nice-win32-x64-msvc
41 silly reify mark deleted [
41 silly reify   '/Users/hatimbenzahra/Desktop/frontetback/backend/node_modules/@napi-rs/nice-win32-x64-msvc'
41 silly reify ]
42 verbose reify failed optional dependency /Users/hatimbenzahra/Desktop/frontetback/backend/node_modules/@napi-rs/nice-win32-ia32-msvc
43 silly reify mark deleted [
43 silly reify   '/Users/hatimbenzahra/Desktop/frontetback/backend/node_modules/@napi-rs/nice-win32-ia32-msvc'
43 silly reify ]
44 verbose reify failed optional dependency /Users/hatimbenzahra/Desktop/frontetback/backend/node_modules/@napi-rs/nice-win32-arm64-msvc
45 silly reify mark deleted [
45 silly reify   '/Users/hatimbenzahra/Desktop/frontetback/backend/node_modules/@napi-rs/nice-win32-arm64-msvc'
45 silly reify ]
46 verbose reify failed optional dependency /Users/hatimbenzahra/Desktop/frontetback/backend/node_modules/@napi-rs/nice-linux-x64-musl
47 silly reify mark deleted [
47 silly reify   '/Users/hatimbenzahra/Desktop/frontetback/backend/node_modules/@napi-rs/nice-linux-x64-musl'
47 silly reify ]
48 verbose reify failed optional dependency /Users/hatimbenzahra/Desktop/frontetback/backend/node_modules/@napi-rs/nice-linux-x64-gnu
49 silly reify mark deleted [
49 silly reify   '/Users/hatimbenzahra/Desktop/frontetback/backend/node_modules/@napi-rs/nice-linux-x64-gnu'
49 silly reify ]
50 verbose reify failed optional dependency /Users/hatimbenzahra/Desktop/frontetback/backend/node_modules/@napi-rs/nice-linux-s390x-gnu
51 silly reify mark deleted [
51 silly reify   '/Users/hatimbenzahra/Desktop/frontetback/backend/node_modules/@napi-rs/nice-linux-s390x-gnu'
51 silly reify ]
52 verbose reify failed optional dependency /Users/hatimbenzahra/Desktop/frontetback/backend/node_modules/@napi-rs/nice-linux-riscv64-gnu
53 silly reify mark deleted [
53 silly reify   '/Users/hatimbenzahra/Desktop/frontetback/backend/node_modules/@napi-rs/nice-linux-riscv64-gnu'
53 silly reify ]
54 verbose reify failed optional dependency /Users/hatimbenzahra/Desktop/frontetback/backend/node_modules/@napi-rs/nice-linux-ppc64-gnu
55 silly reify mark deleted [
55 silly reify   '/Users/hatimbenzahra/Desktop/frontetback/backend/node_modules/@napi-rs/nice-linux-ppc64-gnu'
55 silly reify ]
56 verbose reify failed optional dependency /Users/hatimbenzahra/Desktop/frontetback/backend/node_modules/@napi-rs/nice-linux-arm64-musl
57 silly reify mark deleted [
57 silly reify   '/Users/hatimbenzahra/Desktop/frontetback/backend/node_modules/@napi-rs/nice-linux-arm64-musl'
57 silly reify ]
58 verbose reify failed optional dependency /Users/hatimbenzahra/Desktop/frontetback/backend/node_modules/@napi-rs/nice-linux-arm64-gnu
59 silly reify mark deleted [
59 silly reify   '/Users/hatimbenzahra/Desktop/frontetback/backend/node_modules/@napi-rs/nice-linux-arm64-gnu'
59 silly reify ]
60 verbose reify failed optional dependency /Users/hatimbenzahra/Desktop/frontetback/backend/node_modules/@napi-rs/nice-linux-arm-gnueabihf
61 silly reify mark deleted [
61 silly reify   '/Users/hatimbenzahra/Desktop/frontetback/backend/node_modules/@napi-rs/nice-linux-arm-gnueabihf'
61 silly reify ]
62 verbose reify failed optional dependency /Users/hatimbenzahra/Desktop/frontetback/backend/node_modules/@napi-rs/nice-freebsd-x64
63 silly reify mark deleted [
63 silly reify   '/Users/hatimbenzahra/Desktop/frontetback/backend/node_modules/@napi-rs/nice-freebsd-x64'
63 silly reify ]
64 verbose reify failed optional dependency /Users/hatimbenzahra/Desktop/frontetback/backend/node_modules/@napi-rs/nice-darwin-x64
65 silly reify mark deleted [
65 silly reify   '/Users/hatimbenzahra/Desktop/frontetback/backend/node_modules/@napi-rs/nice-darwin-x64'
65 silly reify ]
66 verbose reify failed optional dependency /Users/hatimbenzahra/Desktop/frontetback/backend/node_modules/@napi-rs/nice-android-arm64
67 silly reify mark deleted [
67 silly reify   '/Users/hatimbenzahra/Desktop/frontetback/backend/node_modules/@napi-rs/nice-android-arm64'
67 silly reify ]
68 verbose reify failed optional dependency /Users/hatimbenzahra/Desktop/frontetback/backend/node_modules/@napi-rs/nice-android-arm-eabi
69 silly reify mark deleted [
69 silly reify   '/Users/hatimbenzahra/Desktop/frontetback/backend/node_modules/@napi-rs/nice-android-arm-eabi'
69 silly reify ]
70 http fetch POST 200 https://registry.npmjs.org/-/npm/v1/security/advisories/bulk 225ms
71 silly audit report {
71 silly audit report   '@eslint/plugin-kit': [
71 silly audit report     {
71 silly audit report       id: 1106734,
71 silly audit report       url: 'https://github.com/advisories/GHSA-xffm-g5w8-qvg7',
71 silly audit report       title: '@eslint/plugin-kit is vulnerable to Regular Expression Denial of Service attacks through ConfigCommentParser',
71 silly audit report       severity: 'low',
71 silly audit report       vulnerable_versions: '<0.3.4',
71 silly audit report       cwe: [Array],
71 silly audit report       cvss: [Object]
71 silly audit report     }
71 silly audit report   ],
71 silly audit report   tmp: [
71 silly audit report     {
71 silly audit report       id: 1106849,
71 silly audit report       url: 'https://github.com/advisories/GHSA-52f5-9888-hmc6',
71 silly audit report       title: 'tmp allows arbitrary temporary file / directory write via symbolic link `dir` parameter',
71 silly audit report       severity: 'low',
71 silly audit report       vulnerable_versions: '<=0.2.3',
71 silly audit report       cwe: [Array],
71 silly audit report       cvss: [Object]
71 silly audit report     }
71 silly audit report   ],
71 silly audit report   'form-data': [
71 silly audit report     {
71 silly audit report       id: 1106507,
71 silly audit report       url: 'https://github.com/advisories/GHSA-fjxv-7rqg-78g4',
71 silly audit report       title: 'form-data uses unsafe random function in form-data for choosing boundary',
71 silly audit report       severity: 'critical',
71 silly audit report       vulnerable_versions: '>=4.0.0 <4.0.4',
71 silly audit report       cwe: [Array],
71 silly audit report       cvss: [Object]
71 silly audit report     }
71 silly audit report   ],
71 silly audit report   multer: [
71 silly audit report     {
71 silly audit report       id: 1106463,
71 silly audit report       url: 'https://github.com/advisories/GHSA-fjgf-rc76-4x9p',
71 silly audit report       title: 'Multer vulnerable to Denial of Service via unhandled exception from malformed request',
71 silly audit report       severity: 'high',
71 silly audit report       vulnerable_versions: '>=1.4.4-lts.1 <2.0.2',
71 silly audit report       cwe: [Array],
71 silly audit report       cvss: [Object]
71 silly audit report     }
71 silly audit report   ]
71 silly audit report }
72 silly packumentCache corgi:https://registry.npmjs.org/@eslint%2fplugin-kit cache-miss
73 silly packumentCache corgi:https://registry.npmjs.org/tmp cache-miss
74 silly packumentCache corgi:https://registry.npmjs.org/form-data cache-miss
75 silly packumentCache corgi:https://registry.npmjs.org/multer cache-miss
76 http fetch GET 200 https://registry.npmjs.org/tmp 38ms (cache miss)
77 silly packumentCache corgi:https://registry.npmjs.org/tmp set size:undefined disposed:false
78 http fetch GET 200 https://registry.npmjs.org/form-data 70ms (cache miss)
79 silly packumentCache corgi:https://registry.npmjs.org/form-data set size:undefined disposed:false
80 http fetch GET 200 https://registry.npmjs.org/@eslint%2fplugin-kit 79ms (cache miss)
81 silly packumentCache corgi:https://registry.npmjs.org/@eslint%2fplugin-kit set size:undefined disposed:false
82 http fetch GET 200 https://registry.npmjs.org/multer 81ms (cache miss)
83 silly packumentCache corgi:https://registry.npmjs.org/multer set size:undefined disposed:false
84 silly packumentCache corgi:https://registry.npmjs.org/eslint cache-miss
85 http fetch GET 200 https://registry.npmjs.org/eslint 54ms (cache miss)
86 silly packumentCache corgi:https://registry.npmjs.org/eslint set size:undefined disposed:false
87 silly packumentCache corgi:https://registry.npmjs.org/external-editor cache-miss
88 http fetch GET 200 https://registry.npmjs.org/external-editor 30ms (cache miss)
89 silly packumentCache corgi:https://registry.npmjs.org/external-editor set size:undefined disposed:false
90 silly packumentCache corgi:https://registry.npmjs.org/@types%2fsuperagent cache-miss
91 silly packumentCache corgi:https://registry.npmjs.org/superagent cache-miss
92 http fetch GET 200 https://registry.npmjs.org/superagent 38ms (cache miss)
93 silly packumentCache corgi:https://registry.npmjs.org/superagent set size:undefined disposed:false
94 http fetch GET 200 https://registry.npmjs.org/@types%2fsuperagent 52ms (cache miss)
95 silly packumentCache corgi:https://registry.npmjs.org/@types%2fsuperagent set size:undefined disposed:false
96 silly packumentCache corgi:https://registry.npmjs.org/@nestjs%2fplatform-express cache-miss
97 http fetch GET 200 https://registry.npmjs.org/@nestjs%2fplatform-express 60ms (cache miss)
98 silly packumentCache corgi:https://registry.npmjs.org/@nestjs%2fplatform-express set size:undefined disposed:false
99 silly packumentCache corgi:https://registry.npmjs.org/@inquirer%2feditor cache-miss
100 http fetch GET 200 https://registry.npmjs.org/@inquirer%2feditor 50ms (cache miss)
101 silly packumentCache corgi:https://registry.npmjs.org/@inquirer%2feditor set size:undefined disposed:false
102 silly packumentCache corgi:https://registry.npmjs.org/@nestjs%2fcore cache-miss
103 silly packumentCache corgi:https://registry.npmjs.org/@nestjs%2ftesting cache-miss
104 http fetch GET 200 https://registry.npmjs.org/@nestjs%2ftesting 108ms (cache miss)
105 silly packumentCache corgi:https://registry.npmjs.org/@nestjs%2ftesting set size:undefined disposed:false
106 http fetch GET 200 https://registry.npmjs.org/@nestjs%2fcore 119ms (cache miss)
107 silly packumentCache corgi:https://registry.npmjs.org/@nestjs%2fcore set size:undefined disposed:false
108 silly packumentCache corgi:https://registry.npmjs.org/@inquirer%2fprompts cache-miss
109 http fetch GET 200 https://registry.npmjs.org/@inquirer%2fprompts 58ms (cache miss)
110 silly packumentCache corgi:https://registry.npmjs.org/@inquirer%2fprompts set size:undefined disposed:false
111 silly ADD
112 silly ADD
113 silly ADD
114 silly ADD
115 silly ADD
116 silly ADD
117 silly ADD
118 silly ADD
119 silly ADD
120 silly ADD
121 silly ADD
122 silly ADD
123 silly ADD
124 silly ADD
125 silly ADD
126 silly ADD
127 silly ADD
128 silly ADD
129 silly ADD
130 silly ADD
131 silly ADD
132 silly ADD
133 silly ADD
134 silly ADD
135 verbose cwd /Users/hatimbenzahra/Desktop/frontetback/backend
136 verbose os Darwin 25.0.0
137 verbose node v22.16.0
138 verbose npm  v10.9.2
139 notice
139 notice New [31mmajor[39m version of npm available! [31m10.9.2[39m -> [34m11.5.2[39m
139 notice Changelog: [34mhttps://github.com/npm/cli/releases/tag/v11.5.2[39m
139 notice To update run: [4mnpm install -g npm@11.5.2[24m
139 notice  { force: true, [Symbol(proc-log.meta)]: true }
140 verbose exit 0
141 info ok
